23:58:58.721 detox[5153] B node_modules/.bin/detox test -c ios.sim.release --record-logs all
  data: {
    "id": "ec0de364-4449-d37d-dbd7-3e5a4a660736",
    "detoxConfig": {
      "configurationName": "ios.sim.release",
      "apps": {
        "default": {
          "type": "ios.app",
          "binaryPath": "ios/build/Build/Products/Release-iphonesimulator/jestTesimg.app",
          "build": "xcodebuild -workspace ios/jestTesimg.xcworkspace -scheme jestTesimg -configuration Release -sdk iphonesimulator -derivedDataPath ios/build"
        }
      },
      "artifacts": {
        "rootDir": "artifacts/ios.sim.release.2023-01-15 18-28-58Z",
        "plugins": {
          "log": {
            "enabled": true,
            "keepOnlyFailedTestsArtifacts": false
          },
          "screenshot": {
            "enabled": true,
            "shouldTakeAutomaticSnapshots": false,
            "keepOnlyFailedTestsArtifacts": false
          },
          "video": {
            "enabled": false,
            "keepOnlyFailedTestsArtifacts": false
          },
          "instruments": {
            "enabled": false,
            "keepOnlyFailedTestsArtifacts": false
          },
          "uiHierarchy": {
            "enabled": false,
            "keepOnlyFailedTestsArtifacts": false
          }
        }
      },
      "behavior": {
        "init": {
          "keepLockFile": false,
          "reinstallApp": true,
          "exposeGlobals": true
        },
        "cleanup": {
          "shutdownDevice": false
        },
        "launchApp": "auto"
      },
      "cli": {
        "recordLogs": "all",
        "configuration": "ios.sim.release"
      },
      "device": {
        "type": "ios.simulator",
        "device": {
          "type": "iPhone Xʀ"
        }
      },
      "logger": {
        "level": "info",
        "overrideConsole": true,
        "options": {
          "showLoggerName": true,
          "showPid": true,
          "showLevel": false,
          "showMetadata": false,
          "basepath": "/Users/thushalintervest/Desktop/Projects/jestTesimg/node_modules/detox/src",
          "prefixers": {},
          "stringifiers": {}
        }
      },
      "testRunner": {
        "retries": 0,
        "forwardEnv": false,
        "bail": false,
        "jest": {
          "setupTimeout": 120000,
          "teardownTimeout": 30000,
          "retryAfterCircusRetries": false,
          "reportWorkerAssign": true
        },
        "args": {
          "$0": "jest",
          "_": [],
          "config": "e2e/jest.config.js",
          "--": []
        }
      },
      "session": {
        "autoStart": true,
        "debugSynchronization": 10000
      }
    },
    "detoxIPCServer": "primary-5153",
    "testResults": [],
    "testSessionIndex": 0,
    "workersCount": 0
  }
23:58:58.724 detox[5153] i Server path not specified, so defaulting to ipc.config.socketRoot + ipc.config.appspace + ipc.config.id /tmp/detox.primary-5153
23:58:58.724 detox[5153] i starting server on  /tmp/detox.primary-5153 
23:58:58.724 detox[5153] i starting TLS server false
23:58:58.725 detox[5153] i starting server as Unix || Windows Socket
23:58:58.728 detox[5153] i Detox server listening on localhost:50447...
23:58:58.730 detox[5153] i Serialized the session state at: /private/var/folders/3v/pn978rgs3pv4wj0t0vf_zxg00000gn/T/ec0de364-4449-d37d-dbd7-3e5a4a660736.detox.json
23:58:58.731 detox[5153] B jest --config e2e/jest.config.js
23:58:59.115 detox[5154] i Service path not specified, so defaulting to ipc.config.socketRoot + ipc.config.appspace + id 
23:58:59.115 detox[5154] i requested connection to  primary-5153 /tmp/detox.primary-5153
23:58:59.115 detox[5154] i Connecting client on Unix Socket : /tmp/detox.primary-5153
23:58:59.116 detox[5153] i ## socket connection to server detected ##
23:58:59.116 detox[5154] i retrying reset
23:58:59.117 detox[5154] i dispatching event to  primary-5153 /tmp/detox.primary-5153  :  registerContext , { id: 'secondary-5154' }
23:58:59.118 detox[5153] i received event of :  registerContext { id: 'secondary-5154' }
23:58:59.118 detox[5153] i dispatching event to socket  :  registerContextDone { testResults: [], testSessionIndex: 0 }
23:58:59.118 detox[5154] i ## received events ##
23:58:59.118 detox[5154] i detected event registerContextDone { testResults: [], testSessionIndex: 0 }
23:58:59.158 detox[5154] B e2e/newUI.test.js
23:58:59.164 detox[5154] B set up environment
23:58:59.165 detox[5153] i received event of :  registerWorker { workerId: 'w1' }
23:58:59.165 detox[5153] i dispatching event to socket  :  registerWorkerDone { workersCount: 1 }
23:58:59.165 detox[5153] i broadcasting event to all known sockets listening to  /tmp/detox.primary-5153  :   sessionStateUpdate { workersCount: 1 }
23:58:59.165 detox[5154] i dispatching event to  primary-5153 /tmp/detox.primary-5153  :  registerWorker , { workerId: 'w1' }
23:58:59.165 detox[5154] i ## received events ##
23:58:59.165 detox[5154] i detected event registerWorkerDone { workersCount: 1 }
23:58:59.241 detox[5154] i (node:5154) ExperimentalWarning: The Fetch API is an experimental feature. This feature could change at any time
(Use `node --trace-warnings ...` to show where the warning was created)
23:58:59.242 detox[5154] i ## received events ##
23:58:59.242 detox[5154] i detected event sessionStateUpdate { workersCount: 1 }
23:58:59.252 detox[5153] B connection :50447<->:50448
23:58:59.253 detox[5154] i opened web socket to: ws://localhost:50447
23:58:59.254 detox[5154] i send message
  data: {"type":"login","params":{"sessionId":"0131b9ee-f633-e0df-a5bb-b378e8a1523c","role":"tester"},"messageId":0}
23:58:59.255 detox[5153] i get
  data: {"type":"login","params":{"sessionId":"0131b9ee-f633-e0df-a5bb-b378e8a1523c","role":"tester"},"messageId":0}
23:58:59.255 detox[5153] i created session 0131b9ee-f633-e0df-a5bb-b378e8a1523c
23:58:59.255 detox[5153] i send
  data: {
    "type": "loginSuccess",
    "params": {
      "testerConnected": true,
      "appConnected": false
    },
    "messageId": 0
  }
23:58:59.255 detox[5153] i tester joined session 0131b9ee-f633-e0df-a5bb-b378e8a1523c
23:58:59.256 detox[5154] i get message
  data: {"type":"loginSuccess","params":{"testerConnected":true,"appConnected":false},"messageId":0}
   
23:58:59.362 detox[5154] B allocate
  args: ({"type":"ios.simulator","device":{"type":"iPhone Xʀ"}})
23:58:59.363 detox[5154] i applesimutils --list --byType "iPhone Xʀ"
23:58:59.446 detox[5154] i [

]

23:58:59.447 detox[5154] E allocate
  error: Failed to find a device by type = "iPhone Xʀ"
  
  HINT: Run 'applesimutils --list' to list your supported devices. It is advised only to specify a device type, e.g., "iPhone Xʀ" and avoid explicit search by OS version.
23:58:59.447 detox[5154] E set up environment
  error: Failed to find a device by type = "iPhone Xʀ"
  
  HINT: Run 'applesimutils --list' to list your supported devices. It is advised only to specify a device type, e.g., "iPhone Xʀ" and avoid explicit search by OS version.
23:58:59.447 detox[5154] B tear down environment
23:58:59.447 detox[5154] B onBeforeCleanup
  args: ()
23:58:59.449 detox[5154] i saving FileArtifact to: artifacts/ios.sim.release.2023-01-15 18-28-58Z/detox_pid_5154.json.log { append: true }
23:58:59.449 detox[5154] i saving FileArtifact to: artifacts/ios.sim.release.2023-01-15 18-28-58Z/detox_pid_5154.log { append: true }
23:58:59.449 detox[5154] E onBeforeCleanup
23:58:59.451 detox[5153] i tester exited session 0131b9ee-f633-e0df-a5bb-b378e8a1523c
23:58:59.451 detox[5153] E connection :50447<->:50448
23:58:59.451 detox[5154] E tear down environment
23:58:59.451 detox[5154] E e2e/newUI.test.js
23:58:59.462 detox[5153] i received event of :  reportTestResults {
  testResults: [
    {
      success: false,
      testFilePath: '/Users/thushalintervest/Desktop/Projects/jestTesimg/e2e/newUI.test.js',
      testExecError: {
        name: 'DetoxRuntimeError',
        message: 'Failed to find a device by type = "iPhone Xʀ"\n' +
          '\n' +
          `HINT: Run 'applesimutils --list' to list your supported devices. It is advised only to specify a device type, e.g., "iPhone Xʀ" and avoid explicit search by OS version.`,
        stack: 'DetoxRuntimeError: Failed to find a device by type = "iPhone Xʀ"\n' +
          '\n' +
          `HINT: Run 'applesimutils --list' to list your supported devices. It is advised only to specify a device type, e.g., "iPhone Xʀ" and avoid explicit search by OS version.\n` +
          '    at SimulatorAllocDriver._queryDevices (/Users/thushalintervest/Desktop/Projects/jestTesimg/node_modules/detox/src/devices/allocation/drivers/ios/SimulatorAllocDriver.js:110:13)\n' +
          '    at SimulatorAllocDriver._groupDevicesByStatus (/Users/thushalintervest/Desktop/Projects/jestTesimg/node_modules/detox/src/devices/allocation/drivers/ios/SimulatorAllocDriver.js:89:27)\n' +
          '    at SimulatorAllocDriver._findOrCreateDevice (/Users/thushalintervest/Desktop/Projects/jestTesimg/node_modules/detox/src/devices/allocation/drivers/ios/SimulatorAllocDriver.js:76:29)\n' +
          '    at /Users/thushalintervest/Desktop/Projects/jestTesimg/node_modules/detox/src/devices/allocation/drivers/ios/SimulatorAllocDriver.js:30:14\n' +
          '    at safeAsync (/Users/thushalintervest/Desktop/Projects/jestTesimg/node_modules/detox/src/utils/safeAsync.js:4:13)\n' +
          '    at /Users/thushalintervest/Desktop/Projects/jestTesimg/node_modules/detox/src/devices/DeviceRegistry.js:73:24\n' +
          '    at ExclusiveLockfile.exclusively (/Users/thushalintervest/Desktop/Projects/jestTesimg/node_modules/detox/src/utils/ExclusiveLockfile.js:41:15)\n' +
          '    at SimulatorAllocDriver.allocate (/Users/thushalintervest/Desktop/Projects/jestTesimg/node_modules/detox/src/devices/allocation/drivers/ios/SimulatorAllocDriver.js:29:18)'
      },
      isPermanentFailure: false
    }
  ]
}
23:58:59.462 detox[5154] i dispatching event to  primary-5153 /tmp/detox.primary-5153  :  reportTestResults , {
  testResults: [
    {
      success: false,
      testFilePath: '/Users/thushalintervest/Desktop/Projects/jestTesimg/e2e/newUI.test.js',
      testExecError: {
        name: 'DetoxRuntimeError',
        message: 'Failed to find a device by type = "iPhone Xʀ"\n' +
          '\n' +
          `HINT: Run 'applesimutils --list' to list your supported devices. It is advised only to specify a device type, e.g., "iPhone Xʀ" and avoid explicit search by OS version.`,
        stack: 'DetoxRuntimeError: Failed to find a device by type = "iPhone Xʀ"\n' +
          '\n' +
          `HINT: Run 'applesimutils --list' to list your supported devices. It is advised only to specify a device type, e.g., "iPhone Xʀ" and avoid explicit search by OS version.\n` +
          '    at SimulatorAllocDriver._queryDevices (/Users/thushalintervest/Desktop/Projects/jestTesimg/node_modules/detox/src/devices/allocation/drivers/ios/SimulatorAllocDriver.js:110:13)\n' +
          '    at SimulatorAllocDriver._groupDevicesByStatus (/Users/thushalintervest/Desktop/Projects/jestTesimg/node_modules/detox/src/devices/allocation/drivers/ios/SimulatorAllocDriver.js:89:27)\n' +
          '    at SimulatorAllocDriver._findOrCreateDevice (/Users/thushalintervest/Desktop/Projects/jestTesimg/node_modules/detox/src/devices/allocation/drivers/ios/SimulatorAllocDriver.js:76:29)\n' +
          '    at /Users/thushalintervest/Desktop/Projects/jestTesimg/node_modules/detox/src/devices/allocation/drivers/ios/SimulatorAllocDriver.js:30:14\n' +
          '    at safeAsync (/Users/thushalintervest/Desktop/Projects/jestTesimg/node_modules/detox/src/utils/safeAsync.js:4:13)\n' +
          '    at /Users/thushalintervest/Desktop/Projects/jestTesimg/node_modules/detox/src/devices/DeviceRegistry.js:73:24\n' +
          '    at ExclusiveLockfile.exclusively (/Users/thushalintervest/Desktop/Projects/jestTesimg/node_modules/detox/src/utils/ExclusiveLockfile.js:41:15)\n' +
          '    at SimulatorAllocDriver.allocate (/Users/thushalintervest/Desktop/Projects/jestTesimg/node_modules/detox/src/devices/allocation/drivers/ios/SimulatorAllocDriver.js:29:18)'
      },
      isPermanentFailure: false
    }
  ]
}
23:58:59.463 detox[5153] i dispatching event to socket  :  reportTestResultsDone {
  testResults: [
    {
      success: false,
      testFilePath: '/Users/thushalintervest/Desktop/Projects/jestTesimg/e2e/newUI.test.js',
      testExecError: {
        name: 'DetoxRuntimeError',
        message: 'Failed to find a device by type = "iPhone Xʀ"\n' +
          '\n' +
          `HINT: Run 'applesimutils --list' to list your supported devices. It is advised only to specify a device type, e.g., "iPhone Xʀ" and avoid explicit search by OS version.`,
        stack: 'DetoxRuntimeError: Failed to find a device by type = "iPhone Xʀ"\n' +
          '\n' +
          `HINT: Run 'applesimutils --list' to list your supported devices. It is advised only to specify a device type, e.g., "iPhone Xʀ" and avoid explicit search by OS version.\n` +
          '    at SimulatorAllocDriver._queryDevices (/Users/thushalintervest/Desktop/Projects/jestTesimg/node_modules/detox/src/devices/allocation/drivers/ios/SimulatorAllocDriver.js:110:13)\n' +
          '    at SimulatorAllocDriver._groupDevicesByStatus (/Users/thushalintervest/Desktop/Projects/jestTesimg/node_modules/detox/src/devices/allocation/drivers/ios/SimulatorAllocDriver.js:89:27)\n' +
          '    at SimulatorAllocDriver._findOrCreateDevice (/Users/thushalintervest/Desktop/Projects/jestTesimg/node_modules/detox/src/devices/allocation/drivers/ios/SimulatorAllocDriver.js:76:29)\n' +
          '    at /Users/thushalintervest/Desktop/Projects/jestTesimg/node_modules/detox/src/devices/allocation/drivers/ios/SimulatorAllocDriver.js:30:14\n' +
          '    at safeAsync (/Users/thushalintervest/Desktop/Projects/jestTesimg/node_modules/detox/src/utils/safeAsync.js:4:13)\n' +
          '    at /Users/thushalintervest/Desktop/Projects/jestTesimg/node_modules/detox/src/devices/DeviceRegistry.js:73:24\n' +
          '    at ExclusiveLockfile.exclusively (/Users/thushalintervest/Desktop/Projects/jestTesimg/node_modules/detox/src/utils/ExclusiveLockfile.js:41:15)\n' +
          '    at SimulatorAllocDriver.allocate (/Users/thushalintervest/Desktop/Projects/jestTesimg/node_modules/detox/src/devices/allocation/drivers/ios/SimulatorAllocDriver.js:29:18)'
      },
      isPermanentFailure: false
    }
  ]
}
23:58:59.463 detox[5153] i broadcasting event to all known sockets listening to  /tmp/detox.primary-5153  :   sessionStateUpdate {
  testResults: [
    {
      success: false,
      testFilePath: '/Users/thushalintervest/Desktop/Projects/jestTesimg/e2e/newUI.test.js',
      testExecError: {
        name: 'DetoxRuntimeError',
        message: 'Failed to find a device by type = "iPhone Xʀ"\n' +
          '\n' +
          `HINT: Run 'applesimutils --list' to list your supported devices. It is advised only to specify a device type, e.g., "iPhone Xʀ" and avoid explicit search by OS version.`,
        stack: 'DetoxRuntimeError: Failed to find a device by type = "iPhone Xʀ"\n' +
          '\n' +
          `HINT: Run 'applesimutils --list' to list your supported devices. It is advised only to specify a device type, e.g., "iPhone Xʀ" and avoid explicit search by OS version.\n` +
          '    at SimulatorAllocDriver._queryDevices (/Users/thushalintervest/Desktop/Projects/jestTesimg/node_modules/detox/src/devices/allocation/drivers/ios/SimulatorAllocDriver.js:110:13)\n' +
          '    at SimulatorAllocDriver._groupDevicesByStatus (/Users/thushalintervest/Desktop/Projects/jestTesimg/node_modules/detox/src/devices/allocation/drivers/ios/SimulatorAllocDriver.js:89:27)\n' +
          '    at SimulatorAllocDriver._findOrCreateDevice (/Users/thushalintervest/Desktop/Projects/jestTesimg/node_modules/detox/src/devices/allocation/drivers/ios/SimulatorAllocDriver.js:76:29)\n' +
          '    at /Users/thushalintervest/Desktop/Projects/jestTesimg/node_modules/detox/src/devices/allocation/drivers/ios/SimulatorAllocDriver.js:30:14\n' +
          '    at safeAsync (/Users/thushalintervest/Desktop/Projects/jestTesimg/node_modules/detox/src/utils/safeAsync.js:4:13)\n' +
          '    at /Users/thushalintervest/Desktop/Projects/jestTesimg/node_modules/detox/src/devices/DeviceRegistry.js:73:24\n' +
          '    at ExclusiveLockfile.exclusively (/Users/thushalintervest/Desktop/Projects/jestTesimg/node_modules/detox/src/utils/ExclusiveLockfile.js:41:15)\n' +
          '    at SimulatorAllocDriver.allocate (/Users/thushalintervest/Desktop/Projects/jestTesimg/node_modules/detox/src/devices/allocation/drivers/ios/SimulatorAllocDriver.js:29:18)'
      },
      isPermanentFailure: false
    }
  ]
}
23:58:59.463 detox[5154] i ## received events ##
23:58:59.463 detox[5154] i detected event reportTestResultsDone {
  testResults: [
    {
      success: false,
      testFilePath: '/Users/thushalintervest/Desktop/Projects/jestTesimg/e2e/newUI.test.js',
      testExecError: {
        name: 'DetoxRuntimeError',
        message: 'Failed to find a device by type = "iPhone Xʀ"\n' +
          '\n' +
          `HINT: Run 'applesimutils --list' to list your supported devices. It is advised only to specify a device type, e.g., "iPhone Xʀ" and avoid explicit search by OS version.`,
        stack: 'DetoxRuntimeError: Failed to find a device by type = "iPhone Xʀ"\n' +
          '\n' +
          `HINT: Run 'applesimutils --list' to list your supported devices. It is advised only to specify a device type, e.g., "iPhone Xʀ" and avoid explicit search by OS version.\n` +
          '    at SimulatorAllocDriver._queryDevices (/Users/thushalintervest/Desktop/Projects/jestTesimg/node_modules/detox/src/devices/allocation/drivers/ios/SimulatorAllocDriver.js:110:13)\n' +
          '    at SimulatorAllocDriver._groupDevicesByStatus (/Users/thushalintervest/Desktop/Projects/jestTesimg/node_modules/detox/src/devices/allocation/drivers/ios/SimulatorAllocDriver.js:89:27)\n' +
          '    at SimulatorAllocDriver._findOrCreateDevice (/Users/thushalintervest/Desktop/Projects/jestTesimg/node_modules/detox/src/devices/allocation/drivers/ios/SimulatorAllocDriver.js:76:29)\n' +
          '    at /Users/thushalintervest/Desktop/Projects/jestTesimg/node_modules/detox/src/devices/allocation/drivers/ios/SimulatorAllocDriver.js:30:14\n' +
          '    at safeAsync (/Users/thushalintervest/Desktop/Projects/jestTesimg/node_modules/detox/src/utils/safeAsync.js:4:13)\n' +
          '    at /Users/thushalintervest/Desktop/Projects/jestTesimg/node_modules/detox/src/devices/DeviceRegistry.js:73:24\n' +
          '    at ExclusiveLockfile.exclusively (/Users/thushalintervest/Desktop/Projects/jestTesimg/node_modules/detox/src/utils/ExclusiveLockfile.js:41:15)\n' +
          '    at SimulatorAllocDriver.allocate (/Users/thushalintervest/Desktop/Projects/jestTesimg/node_modules/detox/src/devices/allocation/drivers/ios/SimulatorAllocDriver.js:29:18)'
      },
      isPermanentFailure: false
    }
  ]
}
23:58:59.464 detox[5153] i socket disconnected secondary-5154
23:58:59.464 detox[5154] i connection closed primary-5153 /tmp/detox.primary-5153 0 tries remaining of 0
23:58:59.464 detox[5154] i secondary-5154 exceeded connection rety amount of  or stopRetrying flag set.
23:58:59.569 detox[5153] E Command failed with exit code = 1:
jest --config e2e/jest.config.js
23:58:59.570 detox[5153] i Detox server has been closed gracefully
23:58:59.570 detox[5153] E node_modules/.bin/detox test -c ios.sim.release --record-logs all
