23:57:07.987 detox[5045] B node_modules/.bin/detox test -c ios.sim.release --record-logs all
  data: {
    "id": "e17e8447-e4a6-a9b1-1251-5a37839c3cd9",
    "detoxConfig": {
      "configurationName": "ios.sim.release",
      "apps": {
        "default": {
          "type": "ios.app",
          "binaryPath": "ios/build/Build/Products/Release-iphonesimulator/jestTesimg.app",
          "build": "xcodebuild -workspace ios/jestTesimg.xcworkspace -scheme jestTesimg -configuration Release -sdk iphonesimulator -derivedDataPath ios/build"
        }
      },
      "artifacts": {
        "rootDir": "artifacts/ios.sim.release.2023-01-15 18-27-07Z",
        "plugins": {
          "log": {
            "enabled": true,
            "keepOnlyFailedTestsArtifacts": false
          },
          "screenshot": {
            "enabled": true,
            "shouldTakeAutomaticSnapshots": false,
            "keepOnlyFailedTestsArtifacts": false
          },
          "video": {
            "enabled": false,
            "keepOnlyFailedTestsArtifacts": false
          },
          "instruments": {
            "enabled": false,
            "keepOnlyFailedTestsArtifacts": false
          },
          "uiHierarchy": {
            "enabled": false,
            "keepOnlyFailedTestsArtifacts": false
          }
        }
      },
      "behavior": {
        "init": {
          "keepLockFile": false,
          "reinstallApp": true,
          "exposeGlobals": true
        },
        "cleanup": {
          "shutdownDevice": false
        },
        "launchApp": "auto"
      },
      "cli": {
        "recordLogs": "all",
        "configuration": "ios.sim.release"
      },
      "device": {
        "type": "ios.simulator",
        "device": {
          "type": "iPhone 12"
        }
      },
      "logger": {
        "level": "info",
        "overrideConsole": true,
        "options": {
          "showLoggerName": true,
          "showPid": true,
          "showLevel": false,
          "showMetadata": false,
          "basepath": "/Users/thushalintervest/Desktop/Projects/jestTesimg/node_modules/detox/src",
          "prefixers": {},
          "stringifiers": {}
        }
      },
      "testRunner": {
        "retries": 0,
        "forwardEnv": false,
        "bail": false,
        "jest": {
          "setupTimeout": 120000,
          "teardownTimeout": 30000,
          "retryAfterCircusRetries": false,
          "reportWorkerAssign": true
        },
        "args": {
          "$0": "jest",
          "_": [],
          "config": "e2e/jest.config.js",
          "--": []
        }
      },
      "session": {
        "autoStart": true,
        "debugSynchronization": 10000
      }
    },
    "detoxIPCServer": "primary-5045",
    "testResults": [],
    "testSessionIndex": 0,
    "workersCount": 0
  }
23:57:07.992 detox[5045] i Server path not specified, so defaulting to ipc.config.socketRoot + ipc.config.appspace + ipc.config.id /tmp/detox.primary-5045
23:57:07.993 detox[5045] i starting server on  /tmp/detox.primary-5045 
23:57:07.993 detox[5045] i starting TLS server false
23:57:07.993 detox[5045] i starting server as Unix || Windows Socket
23:57:07.997 detox[5045] i Detox server listening on localhost:50427...
23:57:07.999 detox[5045] i Serialized the session state at: /private/var/folders/3v/pn978rgs3pv4wj0t0vf_zxg00000gn/T/e17e8447-e4a6-a9b1-1251-5a37839c3cd9.detox.json
23:57:08.000 detox[5045] B jest --config e2e/jest.config.js
23:57:09.301 detox[5045] i ## socket connection to server detected ##
23:57:09.301 detox[5047] i Service path not specified, so defaulting to ipc.config.socketRoot + ipc.config.appspace + id 
23:57:09.301 detox[5047] i requested connection to  primary-5045 /tmp/detox.primary-5045
23:57:09.301 detox[5047] i Connecting client on Unix Socket : /tmp/detox.primary-5045
23:57:09.301 detox[5047] i retrying reset
23:57:09.302 detox[5047] i dispatching event to  primary-5045 /tmp/detox.primary-5045  :  registerContext , { id: 'secondary-5047' }
23:57:09.303 detox[5045] i received event of :  registerContext { id: 'secondary-5047' }
23:57:09.304 detox[5045] i dispatching event to socket  :  registerContextDone { testResults: [], testSessionIndex: 0 }
23:57:09.304 detox[5047] i ## received events ##
23:57:09.304 detox[5047] i detected event registerContextDone { testResults: [], testSessionIndex: 0 }
23:57:09.371 detox[5047] B e2e/newUI.test.js
23:57:09.377 detox[5047] B set up environment
23:57:09.378 detox[5045] i received event of :  registerWorker { workerId: 'w1' }
23:57:09.378 detox[5045] i dispatching event to socket  :  registerWorkerDone { workersCount: 1 }
23:57:09.378 detox[5045] i broadcasting event to all known sockets listening to  /tmp/detox.primary-5045  :   sessionStateUpdate { workersCount: 1 }
23:57:09.378 detox[5047] i dispatching event to  primary-5045 /tmp/detox.primary-5045  :  registerWorker , { workerId: 'w1' }
23:57:09.378 detox[5047] i ## received events ##
23:57:09.378 detox[5047] i detected event registerWorkerDone { workersCount: 1 }
23:57:09.473 detox[5047] i (node:5047) ExperimentalWarning: The Fetch API is an experimental feature. This feature could change at any time
(Use `node --trace-warnings ...` to show where the warning was created)
23:57:09.474 detox[5047] i ## received events ##
23:57:09.474 detox[5047] i detected event sessionStateUpdate { workersCount: 1 }
23:57:09.478 detox[5045] B connection :50427<->:50429
23:57:09.479 detox[5047] i opened web socket to: ws://localhost:50427
23:57:09.480 detox[5047] i send message
  data: {"type":"login","params":{"sessionId":"5d3e17b5-f47e-1be5-cf63-190c5bb79c10","role":"tester"},"messageId":0}
23:57:09.481 detox[5045] i get
  data: {"type":"login","params":{"sessionId":"5d3e17b5-f47e-1be5-cf63-190c5bb79c10","role":"tester"},"messageId":0}
23:57:09.481 detox[5045] i created session 5d3e17b5-f47e-1be5-cf63-190c5bb79c10
23:57:09.481 detox[5045] i send
  data: {
    "type": "loginSuccess",
    "params": {
      "testerConnected": true,
      "appConnected": false
    },
    "messageId": 0
  }
23:57:09.482 detox[5045] i tester joined session 5d3e17b5-f47e-1be5-cf63-190c5bb79c10
23:57:09.482 detox[5047] i get message
  data: {"type":"loginSuccess","params":{"testerConnected":true,"appConnected":false},"messageId":0}
   
23:57:09.645 detox[5047] B allocate
  args: ({"type":"ios.simulator","device":{"type":"iPhone 12"}})
23:57:09.646 detox[5047] i applesimutils --list --byType "iPhone 12"
23:57:11.160 detox[5047] i [

]

23:57:11.161 detox[5047] E allocate
  error: Failed to find a device by type = "iPhone 12"
  
  HINT: Run 'applesimutils --list' to list your supported devices. It is advised only to specify a device type, e.g., "iPhone Xʀ" and avoid explicit search by OS version.
23:57:11.161 detox[5047] E set up environment
  error: Failed to find a device by type = "iPhone 12"
  
  HINT: Run 'applesimutils --list' to list your supported devices. It is advised only to specify a device type, e.g., "iPhone Xʀ" and avoid explicit search by OS version.
23:57:11.161 detox[5047] B tear down environment
23:57:11.161 detox[5047] B onBeforeCleanup
  args: ()
23:57:11.163 detox[5047] i saving FileArtifact to: artifacts/ios.sim.release.2023-01-15 18-27-07Z/detox_pid_5047.json.log { append: true }
23:57:11.163 detox[5047] i saving FileArtifact to: artifacts/ios.sim.release.2023-01-15 18-27-07Z/detox_pid_5047.log { append: true }
23:57:11.163 detox[5047] E onBeforeCleanup
23:57:11.165 detox[5045] i tester exited session 5d3e17b5-f47e-1be5-cf63-190c5bb79c10
23:57:11.165 detox[5045] E connection :50427<->:50429
23:57:11.165 detox[5047] E tear down environment
23:57:11.165 detox[5047] E e2e/newUI.test.js
23:57:11.176 detox[5045] i received event of :  reportTestResults {
  testResults: [
    {
      success: false,
      testFilePath: '/Users/thushalintervest/Desktop/Projects/jestTesimg/e2e/newUI.test.js',
      testExecError: {
        name: 'DetoxRuntimeError',
        message: 'Failed to find a device by type = "iPhone 12"\n' +
          '\n' +
          `HINT: Run 'applesimutils --list' to list your supported devices. It is advised only to specify a device type, e.g., "iPhone Xʀ" and avoid explicit search by OS version.`,
        stack: 'DetoxRuntimeError: Failed to find a device by type = "iPhone 12"\n' +
          '\n' +
          `HINT: Run 'applesimutils --list' to list your supported devices. It is advised only to specify a device type, e.g., "iPhone Xʀ" and avoid explicit search by OS version.\n` +
          '    at SimulatorAllocDriver._queryDevices (/Users/thushalintervest/Desktop/Projects/jestTesimg/node_modules/detox/src/devices/allocation/drivers/ios/SimulatorAllocDriver.js:110:13)\n' +
          '    at SimulatorAllocDriver._groupDevicesByStatus (/Users/thushalintervest/Desktop/Projects/jestTesimg/node_modules/detox/src/devices/allocation/drivers/ios/SimulatorAllocDriver.js:89:27)\n' +
          '    at SimulatorAllocDriver._findOrCreateDevice (/Users/thushalintervest/Desktop/Projects/jestTesimg/node_modules/detox/src/devices/allocation/drivers/ios/SimulatorAllocDriver.js:76:29)\n' +
          '    at /Users/thushalintervest/Desktop/Projects/jestTesimg/node_modules/detox/src/devices/allocation/drivers/ios/SimulatorAllocDriver.js:30:14\n' +
          '    at safeAsync (/Users/thushalintervest/Desktop/Projects/jestTesimg/node_modules/detox/src/utils/safeAsync.js:4:13)\n' +
          '    at /Users/thushalintervest/Desktop/Projects/jestTesimg/node_modules/detox/src/devices/DeviceRegistry.js:73:24\n' +
          '    at ExclusiveLockfile.exclusively (/Users/thushalintervest/Desktop/Projects/jestTesimg/node_modules/detox/src/utils/ExclusiveLockfile.js:41:15)\n' +
          '    at SimulatorAllocDriver.allocate (/Users/thushalintervest/Desktop/Projects/jestTesimg/node_modules/detox/src/devices/allocation/drivers/ios/SimulatorAllocDriver.js:29:18)'
      },
      isPermanentFailure: false
    }
  ]
}
23:57:11.176 detox[5047] i dispatching event to  primary-5045 /tmp/detox.primary-5045  :  reportTestResults , {
  testResults: [
    {
      success: false,
      testFilePath: '/Users/thushalintervest/Desktop/Projects/jestTesimg/e2e/newUI.test.js',
      testExecError: {
        name: 'DetoxRuntimeError',
        message: 'Failed to find a device by type = "iPhone 12"\n' +
          '\n' +
          `HINT: Run 'applesimutils --list' to list your supported devices. It is advised only to specify a device type, e.g., "iPhone Xʀ" and avoid explicit search by OS version.`,
        stack: 'DetoxRuntimeError: Failed to find a device by type = "iPhone 12"\n' +
          '\n' +
          `HINT: Run 'applesimutils --list' to list your supported devices. It is advised only to specify a device type, e.g., "iPhone Xʀ" and avoid explicit search by OS version.\n` +
          '    at SimulatorAllocDriver._queryDevices (/Users/thushalintervest/Desktop/Projects/jestTesimg/node_modules/detox/src/devices/allocation/drivers/ios/SimulatorAllocDriver.js:110:13)\n' +
          '    at SimulatorAllocDriver._groupDevicesByStatus (/Users/thushalintervest/Desktop/Projects/jestTesimg/node_modules/detox/src/devices/allocation/drivers/ios/SimulatorAllocDriver.js:89:27)\n' +
          '    at SimulatorAllocDriver._findOrCreateDevice (/Users/thushalintervest/Desktop/Projects/jestTesimg/node_modules/detox/src/devices/allocation/drivers/ios/SimulatorAllocDriver.js:76:29)\n' +
          '    at /Users/thushalintervest/Desktop/Projects/jestTesimg/node_modules/detox/src/devices/allocation/drivers/ios/SimulatorAllocDriver.js:30:14\n' +
          '    at safeAsync (/Users/thushalintervest/Desktop/Projects/jestTesimg/node_modules/detox/src/utils/safeAsync.js:4:13)\n' +
          '    at /Users/thushalintervest/Desktop/Projects/jestTesimg/node_modules/detox/src/devices/DeviceRegistry.js:73:24\n' +
          '    at ExclusiveLockfile.exclusively (/Users/thushalintervest/Desktop/Projects/jestTesimg/node_modules/detox/src/utils/ExclusiveLockfile.js:41:15)\n' +
          '    at SimulatorAllocDriver.allocate (/Users/thushalintervest/Desktop/Projects/jestTesimg/node_modules/detox/src/devices/allocation/drivers/ios/SimulatorAllocDriver.js:29:18)'
      },
      isPermanentFailure: false
    }
  ]
}
23:57:11.177 detox[5045] i dispatching event to socket  :  reportTestResultsDone {
  testResults: [
    {
      success: false,
      testFilePath: '/Users/thushalintervest/Desktop/Projects/jestTesimg/e2e/newUI.test.js',
      testExecError: {
        name: 'DetoxRuntimeError',
        message: 'Failed to find a device by type = "iPhone 12"\n' +
          '\n' +
          `HINT: Run 'applesimutils --list' to list your supported devices. It is advised only to specify a device type, e.g., "iPhone Xʀ" and avoid explicit search by OS version.`,
        stack: 'DetoxRuntimeError: Failed to find a device by type = "iPhone 12"\n' +
          '\n' +
          `HINT: Run 'applesimutils --list' to list your supported devices. It is advised only to specify a device type, e.g., "iPhone Xʀ" and avoid explicit search by OS version.\n` +
          '    at SimulatorAllocDriver._queryDevices (/Users/thushalintervest/Desktop/Projects/jestTesimg/node_modules/detox/src/devices/allocation/drivers/ios/SimulatorAllocDriver.js:110:13)\n' +
          '    at SimulatorAllocDriver._groupDevicesByStatus (/Users/thushalintervest/Desktop/Projects/jestTesimg/node_modules/detox/src/devices/allocation/drivers/ios/SimulatorAllocDriver.js:89:27)\n' +
          '    at SimulatorAllocDriver._findOrCreateDevice (/Users/thushalintervest/Desktop/Projects/jestTesimg/node_modules/detox/src/devices/allocation/drivers/ios/SimulatorAllocDriver.js:76:29)\n' +
          '    at /Users/thushalintervest/Desktop/Projects/jestTesimg/node_modules/detox/src/devices/allocation/drivers/ios/SimulatorAllocDriver.js:30:14\n' +
          '    at safeAsync (/Users/thushalintervest/Desktop/Projects/jestTesimg/node_modules/detox/src/utils/safeAsync.js:4:13)\n' +
          '    at /Users/thushalintervest/Desktop/Projects/jestTesimg/node_modules/detox/src/devices/DeviceRegistry.js:73:24\n' +
          '    at ExclusiveLockfile.exclusively (/Users/thushalintervest/Desktop/Projects/jestTesimg/node_modules/detox/src/utils/ExclusiveLockfile.js:41:15)\n' +
          '    at SimulatorAllocDriver.allocate (/Users/thushalintervest/Desktop/Projects/jestTesimg/node_modules/detox/src/devices/allocation/drivers/ios/SimulatorAllocDriver.js:29:18)'
      },
      isPermanentFailure: false
    }
  ]
}
23:57:11.177 detox[5045] i broadcasting event to all known sockets listening to  /tmp/detox.primary-5045  :   sessionStateUpdate {
  testResults: [
    {
      success: false,
      testFilePath: '/Users/thushalintervest/Desktop/Projects/jestTesimg/e2e/newUI.test.js',
      testExecError: {
        name: 'DetoxRuntimeError',
        message: 'Failed to find a device by type = "iPhone 12"\n' +
          '\n' +
          `HINT: Run 'applesimutils --list' to list your supported devices. It is advised only to specify a device type, e.g., "iPhone Xʀ" and avoid explicit search by OS version.`,
        stack: 'DetoxRuntimeError: Failed to find a device by type = "iPhone 12"\n' +
          '\n' +
          `HINT: Run 'applesimutils --list' to list your supported devices. It is advised only to specify a device type, e.g., "iPhone Xʀ" and avoid explicit search by OS version.\n` +
          '    at SimulatorAllocDriver._queryDevices (/Users/thushalintervest/Desktop/Projects/jestTesimg/node_modules/detox/src/devices/allocation/drivers/ios/SimulatorAllocDriver.js:110:13)\n' +
          '    at SimulatorAllocDriver._groupDevicesByStatus (/Users/thushalintervest/Desktop/Projects/jestTesimg/node_modules/detox/src/devices/allocation/drivers/ios/SimulatorAllocDriver.js:89:27)\n' +
          '    at SimulatorAllocDriver._findOrCreateDevice (/Users/thushalintervest/Desktop/Projects/jestTesimg/node_modules/detox/src/devices/allocation/drivers/ios/SimulatorAllocDriver.js:76:29)\n' +
          '    at /Users/thushalintervest/Desktop/Projects/jestTesimg/node_modules/detox/src/devices/allocation/drivers/ios/SimulatorAllocDriver.js:30:14\n' +
          '    at safeAsync (/Users/thushalintervest/Desktop/Projects/jestTesimg/node_modules/detox/src/utils/safeAsync.js:4:13)\n' +
          '    at /Users/thushalintervest/Desktop/Projects/jestTesimg/node_modules/detox/src/devices/DeviceRegistry.js:73:24\n' +
          '    at ExclusiveLockfile.exclusively (/Users/thushalintervest/Desktop/Projects/jestTesimg/node_modules/detox/src/utils/ExclusiveLockfile.js:41:15)\n' +
          '    at SimulatorAllocDriver.allocate (/Users/thushalintervest/Desktop/Projects/jestTesimg/node_modules/detox/src/devices/allocation/drivers/ios/SimulatorAllocDriver.js:29:18)'
      },
      isPermanentFailure: false
    }
  ]
}
23:57:11.177 detox[5047] i ## received events ##
23:57:11.177 detox[5047] i detected event reportTestResultsDone {
  testResults: [
    {
      success: false,
      testFilePath: '/Users/thushalintervest/Desktop/Projects/jestTesimg/e2e/newUI.test.js',
      testExecError: {
        name: 'DetoxRuntimeError',
        message: 'Failed to find a device by type = "iPhone 12"\n' +
          '\n' +
          `HINT: Run 'applesimutils --list' to list your supported devices. It is advised only to specify a device type, e.g., "iPhone Xʀ" and avoid explicit search by OS version.`,
        stack: 'DetoxRuntimeError: Failed to find a device by type = "iPhone 12"\n' +
          '\n' +
          `HINT: Run 'applesimutils --list' to list your supported devices. It is advised only to specify a device type, e.g., "iPhone Xʀ" and avoid explicit search by OS version.\n` +
          '    at SimulatorAllocDriver._queryDevices (/Users/thushalintervest/Desktop/Projects/jestTesimg/node_modules/detox/src/devices/allocation/drivers/ios/SimulatorAllocDriver.js:110:13)\n' +
          '    at SimulatorAllocDriver._groupDevicesByStatus (/Users/thushalintervest/Desktop/Projects/jestTesimg/node_modules/detox/src/devices/allocation/drivers/ios/SimulatorAllocDriver.js:89:27)\n' +
          '    at SimulatorAllocDriver._findOrCreateDevice (/Users/thushalintervest/Desktop/Projects/jestTesimg/node_modules/detox/src/devices/allocation/drivers/ios/SimulatorAllocDriver.js:76:29)\n' +
          '    at /Users/thushalintervest/Desktop/Projects/jestTesimg/node_modules/detox/src/devices/allocation/drivers/ios/SimulatorAllocDriver.js:30:14\n' +
          '    at safeAsync (/Users/thushalintervest/Desktop/Projects/jestTesimg/node_modules/detox/src/utils/safeAsync.js:4:13)\n' +
          '    at /Users/thushalintervest/Desktop/Projects/jestTesimg/node_modules/detox/src/devices/DeviceRegistry.js:73:24\n' +
          '    at ExclusiveLockfile.exclusively (/Users/thushalintervest/Desktop/Projects/jestTesimg/node_modules/detox/src/utils/ExclusiveLockfile.js:41:15)\n' +
          '    at SimulatorAllocDriver.allocate (/Users/thushalintervest/Desktop/Projects/jestTesimg/node_modules/detox/src/devices/allocation/drivers/ios/SimulatorAllocDriver.js:29:18)'
      },
      isPermanentFailure: false
    }
  ]
}
23:57:11.178 detox[5045] i socket disconnected secondary-5047
23:57:11.178 detox[5047] i connection closed primary-5045 /tmp/detox.primary-5045 0 tries remaining of 0
23:57:11.178 detox[5047] i secondary-5047 exceeded connection rety amount of  or stopRetrying flag set.
23:57:11.283 detox[5045] E Command failed with exit code = 1:
jest --config e2e/jest.config.js
23:57:11.284 detox[5045] i Detox server has been closed gracefully
23:57:11.284 detox[5045] E node_modules/.bin/detox test -c ios.sim.release --record-logs all
